\BOOKMARK [1][-]{section.1}{Introduction}{}% 1
<<<<<<< HEAD
\BOOKMARK [2][-]{subsection.1.1}{Purpose}{section.1}% 2
\BOOKMARK [2][-]{subsection.1.2}{Document Convention}{section.1}% 3
\BOOKMARK [2][-]{subsection.1.3}{Administrator End}{section.1}% 4
\BOOKMARK [1][-]{section.2}{Proposed Implementation Plans and Time-line}{}% 5
\BOOKMARK [2][-]{subsection.2.1}{Project Time-line}{section.2}% 6
\BOOKMARK [2][-]{subsection.2.2}{Tools and Technologies}{section.2}% 7
\BOOKMARK [1][-]{section.3}{Requirements and Assumptions}{}% 8
=======
\BOOKMARK [2][-]{subsection.1.1}{User\040End}{section.1}% 2
\BOOKMARK [2][-]{subsection.1.2}{Pharmacy\040End}{section.1}% 3
\BOOKMARK [2][-]{subsection.1.3}{Administrator\040End}{section.1}% 4
\BOOKMARK [1][-]{section.2}{Proposed\040Implementation\040Plans\040and\040Time-line}{}% 5
\BOOKMARK [2][-]{subsection.2.1}{Project\040Time-line}{section.2}% 6
\BOOKMARK [2][-]{subsection.2.2}{Tools\040and\040Technologies}{section.2}% 7
\BOOKMARK [1][-]{section.3}{Requirements\040and\040Assumptions}{}% 8
>>>>>>> upstream/master
\BOOKMARK [2][-]{subsection.3.1}{Requirements}{section.3}% 9
\BOOKMARK [2][-]{subsection.3.2}{Assumptions}{section.3}% 10
\BOOKMARK [1][-]{section.4}{Project\040Risks}{}% 11
\BOOKMARK [1][-]{section.5}{Challenges}{}% 12
\BOOKMARK [1][-]{section.6}{Secondary\040Features}{}% 13
\BOOKMARK [1][-]{section.7}{Future\040Extensions}{}% 14
